{"C:\\projects\\we_crm\\crm_backend\\models\\FormSchema.js": {"path":"C:\\projects\\we_crm\\crm_backend\\models\\FormSchema.js","statementMap":{"0":{"start":{"line":1,"column":17},"end":{"line":1,"column":36}},"1":{"start":{"line":3,"column":20},"end":{"line":21,"column":18}},"2":{"start":{"line":24,"column":0},"end":{"line":26,"column":3}},"3":{"start":{"line":28,"column":30},"end":{"line":33,"column":18}},"4":{"start":{"line":35,"column":25},"end":{"line":46,"column":24}},"5":{"start":{"line":48,"column":0},"end":{"line":48,"column":64}}},"fnMap":{},"branchMap":{},"s":{"0":1,"1":1,"2":1,"3":1,"4":1,"5":1},"f":{},"b":{},"_coverageSchema":"1a1c01bbd47fc00a2c39e90264f33305004495a9","hash":"7e0bf0039dcb0f2740c583ea0f7a6b83f63bd9b5"}
}
